37.0 APEX_CODE,FINEST;APEX_PROFILING,FINEST;CALLOUT,FINEST;DB,FINEST;SYSTEM,FINEST;VALIDATION,FINEST;VISUALFORCE,FINEST;WORKFLOW,FINEST
Execute Anonymous: Recalculate_Next_Payment_Date_Scheduled batch2 = new Recalculate_Next_Payment_Date_Scheduled();
Execute Anonymous: String sch2 = '0 1 0 * * ?';
Execute Anonymous: system.schedule('Recalculate Next Payment Date', sch2, batch2);
22:35:38.1 (1920533)|USER_INFO|[EXTERNAL]|005280000026GRP|systempartners@antipodeans.com.dev|Australian Eastern Standard Time|GMT+10:00
22:35:38.1 (1948499)|EXECUTION_STARTED
22:35:38.1 (1955768)|CODE_UNIT_STARTED|[EXTERNAL]|execute_anonymous_apex
22:35:38.1 (44972528)|VARIABLE_SCOPE_BEGIN|[1]|batch2|Recalculate_Next_Payment_Date_Scheduled|true|false
22:35:38.1 (45004360)|VARIABLE_SCOPE_BEGIN|[2]|sch2|String|false|false
22:35:38.1 (45144744)|HEAP_ALLOCATE|[72]|Bytes:3
22:35:38.1 (45197133)|HEAP_ALLOCATE|[77]|Bytes:152
22:35:38.1 (45216170)|HEAP_ALLOCATE|[342]|Bytes:408
22:35:38.1 (45237002)|HEAP_ALLOCATE|[355]|Bytes:408
22:35:38.1 (45255983)|HEAP_ALLOCATE|[467]|Bytes:48
22:35:38.1 (45295395)|HEAP_ALLOCATE|[139]|Bytes:6
22:35:38.1 (45327222)|HEAP_ALLOCATE|[EXTERNAL]|Bytes:5
22:35:38.1 (45368344)|STATEMENT_EXECUTE|[1]
22:35:38.1 (45371316)|STATEMENT_EXECUTE|[1]
22:35:38.1 (45375738)|HEAP_ALLOCATE|[1]|Bytes:1
22:35:38.1 (45417249)|METHOD_ENTRY|[6]|01pN0000000J9Zt|Recalculate_Next_Payment_Date_Scheduled.Recalculate_Next_Payment_Date_Scheduled()
22:35:38.1 (45421208)|STATEMENT_EXECUTE|[6]
22:35:38.1 (45426042)|STATEMENT_EXECUTE|[6]
22:35:38.1 (45433296)|METHOD_EXIT|[6]|Recalculate_Next_Payment_Date_Scheduled
22:35:38.1 (45453159)|HEAP_ALLOCATE|[1]|Bytes:4
22:35:38.1 (45495054)|HEAP_ALLOCATE|[50]|Bytes:5
22:35:38.1 (45517343)|HEAP_ALLOCATE|[56]|Bytes:5
22:35:38.1 (45526137)|HEAP_ALLOCATE|[64]|Bytes:7
22:35:38.1 (45551417)|SYSTEM_MODE_ENTER|false
22:35:38.1 (45579102)|HEAP_ALLOCATE|[1]|Bytes:5
22:35:38.1 (45600139)|CONSTRUCTOR_ENTRY|[1]|01pN0000000J9Zt|<init>()
22:35:38.1 (45634101)|VARIABLE_SCOPE_BEGIN|[6]|this|Recalculate_Next_Payment_Date_Scheduled|true|false
22:35:38.1 (45689914)|VARIABLE_ASSIGNMENT|[6]|this|{}|0x49e4f5e5
22:35:38.1 (45701060)|HEAP_ALLOCATE|[EXTERNAL]|Bytes:6
22:35:38.1 (45724328)|STATEMENT_EXECUTE|[6]
22:35:38.1 (45733030)|CONSTRUCTOR_EXIT|[1]|01pN0000000J9Zt|<init>()
22:35:38.1 (45741118)|SYSTEM_MODE_EXIT|false
22:35:38.1 (45763488)|VARIABLE_ASSIGNMENT|[1]|batch2|{}|0x49e4f5e5
22:35:38.1 (45766493)|STATEMENT_EXECUTE|[2]
22:35:38.1 (45770273)|HEAP_ALLOCATE|[2]|Bytes:11
22:35:38.1 (45780216)|VARIABLE_ASSIGNMENT|[2]|sch2|"0 1 0 * * ?"
22:35:38.1 (45782297)|STATEMENT_EXECUTE|[3]
22:35:38.1 (45784456)|HEAP_ALLOCATE|[3]|Bytes:29
22:35:38.1 (45819487)|SYSTEM_METHOD_ENTRY|[3]|System.schedule(String, String, APEX_OBJECT)
22:35:38.1 (134436906)|LIMIT_USAGE|[EXTERNAL]|MAX_ASYNC|1|200
22:35:38.1 (148556687)|SYSTEM_METHOD_EXIT|[3]|System.schedule(String, String, APEX_OBJECT)
22:35:38.162 (162036155)|CUMULATIVE_LIMIT_USAGE
22:35:38.162 (162036155)|LIMIT_USAGE_FOR_NS|(default)|
  Number of SOQL queries: 0 out of 100
  Number of query rows: 0 out of 50000
  Number of SOSL queries: 0 out of 20
  Number of DML statements: 0 out of 150
  Number of DML rows: 0 out of 10000
  Maximum CPU time: 0 out of 10000
  Maximum heap size: 0 out of 6000000
  Number of callouts: 0 out of 100
  Number of Email Invocations: 0 out of 10
  Number of future calls: 0 out of 50
  Number of queueable jobs added to the queue: 0 out of 50
  Number of Mobile Apex push calls: 0 out of 10

22:35:38.162 (162036155)|TOTAL_EMAIL_RECIPIENTS_QUEUED|0
22:35:38.162 (162036155)|STATIC_VARIABLE_LIST|
  char[]:DigitTens:0
  long:serialVersionUID:0
  String:_sfdcSuppressedCodeLocations:0
  long:serialVersionUID:0
  String:_sfdcAdditionalCodeLocations:0
  double:MAX_VALUE:0
  Boolean:FALSE:0
  long:serialVersionUID:0
  double:MIN_VALUE:0
  int:SIZE:0
  String:_static_sch2:0
  double:NEGATIVE_INFINITY:0
  int:MAX_VALUE:0
  char[]:digits:0
  double:NaN:0
  Boolean:TRUE:0
  Recalculate_Next_Payment_Date_Scheduled:_static_batch2:0
  String:_sfdcAdditionalCodeLocations:0
  int:MIN_VALUE:0
  char[]:DigitOnes:0
  int:BYTES:0
  int:MIN_EXPONENT:0
  int[]:sizeTable:0
  int:MAX_EXPONENT:0
  int:SIZE:0
  double:POSITIVE_INFINITY:0
  double:MIN_NORMAL:0
  int:BYTES:0

22:35:38.162 (162036155)|CUMULATIVE_LIMIT_USAGE_END

22:35:38.1 (162206836)|CODE_UNIT_FINISHED|execute_anonymous_apex
22:35:38.1 (164044900)|EXECUTION_FINISHED
22:35:38.165 (165809297)|CUMULATIVE_PROFILING_BEGIN
22:35:38.165 (165809297)|CUMULATIVE_PROFILING|No profiling information for SOQL operations
22:35:38.165 (165809297)|CUMULATIVE_PROFILING|No profiling information for SOSL operations
22:35:38.165 (165809297)|CUMULATIVE_PROFILING|No profiling information for DML operations
22:35:38.165 (165809297)|CUMULATIVE_PROFILING|method invocations|
External entry point: public static void execute(): executed 1 time in 103 ms
AnonymousBlock: line 3, column 1: global public static String schedule(String, String, APEX_OBJECT): executed 1 time in 103 ms
AnonymousBlock: line 1, column 1: global Recalculate_Next_Payment_Date_Scheduled(): executed 1 time in 0 ms

22:35:38.165 (165809297)|CUMULATIVE_PROFILING_END
